<?xml version="1.0" encoding="UTF-8"?>
<!-- Generated by org.testng.reporters.JUnitXMLReporter -->
<testsuite ignored="2" hostname="JITHINs-Air.bbrouter" failures="1" tests="8" name="Test" time="97.809" errors="0" timestamp="2025-05-30T13:21:47 IST">
  <testcase classname="test_Package.Advantage_logintest" name="menu_Test" time="6.552"/>
  <testcase classname="test_Package.Advantage_logintest" name="login_Test" time="33.044">
    <failure type="org.openqa.selenium.TimeoutException" message="Expected condition failed: waiting for visibility of [[ChromeDriver: chrome on mac (22cd66d7c1a494e82bf116dcff2ee039)] -&amp;gt; name: username] (tried for 20 second(s) with 500 milliseconds interval)
Build info: version: &amp;apos;4.31.0&amp;apos;, revision: &amp;apos;1ef9f18787*&amp;apos;
System info: os.name: &amp;apos;Mac OS X&amp;apos;, os.arch: &amp;apos;x86_64&amp;apos;, os.version: &amp;apos;13.5&amp;apos;, java.version: &amp;apos;21.0.5&amp;apos;
Driver info: org.openqa.selenium.chrome.ChromeDriver
Capabilities {acceptInsecureCerts: false, browserName: chrome, browserVersion: 137.0.7151.55, chrome: {chromedriverVersion: 137.0.7151.55 (254bc711794d..., userDataDir: /var/folders/gg/78xb1fg55m1...}, fedcm:accounts: true, goog:chromeOptions: {debuggerAddress: localhost:55753}, networkConnectionEnabled: false, pageLoadStrategy: normal, platformName: mac, proxy: Proxy(), se:cdp: ws://localhost:55753/devtoo..., se:cdpVersion: 137.0.7151.55, setWindowRect: true, strictFileInteractability: false, timeouts: {implicit: 0, pageLoad: 300000, script: 30000}, unhandledPromptBehavior: dismiss and notify, webauthn:extension:credBlob: true, webauthn:extension:largeBlob: true, webauthn:extension:minPinLength: true, webauthn:extension:prf: true, webauthn:virtualAuthenticators: true}
Session ID: 22cd66d7c1a494e82bf116dcff2ee039">
      <![CDATA[org.openqa.selenium.TimeoutException: Expected condition failed: waiting for visibility of [[ChromeDriver: chrome on mac (22cd66d7c1a494e82bf116dcff2ee039)] -> name: username] (tried for 20 second(s) with 500 milliseconds interval)
Build info: version: '4.31.0', revision: '1ef9f18787*'
System info: os.name: 'Mac OS X', os.arch: 'x86_64', os.version: '13.5', java.version: '21.0.5'
Driver info: org.openqa.selenium.chrome.ChromeDriver
Capabilities {acceptInsecureCerts: false, browserName: chrome, browserVersion: 137.0.7151.55, chrome: {chromedriverVersion: 137.0.7151.55 (254bc711794d..., userDataDir: /var/folders/gg/78xb1fg55m1...}, fedcm:accounts: true, goog:chromeOptions: {debuggerAddress: localhost:55753}, networkConnectionEnabled: false, pageLoadStrategy: normal, platformName: mac, proxy: Proxy(), se:cdp: ws://localhost:55753/devtoo..., se:cdpVersion: 137.0.7151.55, setWindowRect: true, strictFileInteractability: false, timeouts: {implicit: 0, pageLoad: 300000, script: 30000}, unhandledPromptBehavior: dismiss and notify, webauthn:extension:credBlob: true, webauthn:extension:largeBlob: true, webauthn:extension:minPinLength: true, webauthn:extension:prf: true, webauthn:virtualAuthenticators: true}
Session ID: 22cd66d7c1a494e82bf116dcff2ee039
at org.openqa.selenium.support.ui.WebDriverWait.timeoutException(WebDriverWait.java:84)
at org.openqa.selenium.support.ui.FluentWait.until(FluentWait.java:228)
at page_Package.Advantage_login.clear_field(Advantage_login.java:50)
at test_Package.Advantage_logintest.login_Test(Advantage_logintest.java:49)
at java.base/java.util.ArrayList.forEach(ArrayList.java:1596)
... Removed 25 stack frames]]>
    </failure>
  </testcase> <!-- login_Test -->
  <testcase classname="test_Package.Advantage_homeTest" name="Sel_Test" time="8.749"/>
  <testcase classname="test_Package.Advantage_homeTest" name="title_Test" time="0.02"/>
  <testcase classname="test_Package.Advantage_productpageTest" name="test_navigation" time="8.344"/>
  <testcase classname="test_Package.Advantage_productpageTest" name="slider" time="8.024"/>
  <testcase classname="test_Package.Advantage_productpageTest" name="checkOut" time="10.486"/>
  <testcase classname="test_Package.Advantage_productpageTest" name="pay_n_Print" time="5.206"/>
  <testcase classname="base_Package.Advantage_base" name="@BeforeTest open_Browser" time="0.0">
    <ignored/>
  </testcase> <!-- @BeforeTest open_Browser -->
  <testcase classname="base_Package.Advantage_base" name="@BeforeTest open_Browser" time="0.0">
    <ignored/>
  </testcase> <!-- @BeforeTest open_Browser -->
</testsuite> <!-- Test -->
